<?xml version="1.0" encoding="UTF-8"?>
<testsuite xmlns:xsi="http://www.w3.org/2001/XMLSchema-instance" xsi:noNamespaceSchemaLocation="https://maven.apache.org/surefire/maven-surefire-plugin/xsd/surefire-test-report-3.0.xsd" version="3.0" name="com.SpringBootRestAPI.SpringBootRestApiApplicationTests" time="6.79" tests="1" errors="0" skipped="0" failures="0">
  <properties>
[...]
</properties>
  <testcase name="contextLoads" classname="com.SpringBootRestAPI.SpringBootRestApiApplicationTests" time="2.586">
    <system-out><![CDATA[16:11:26.230 [main] INFO org.springframework.test.context.support.AnnotationConfigContextLoaderUtils -- Could not detect default configuration classes for test class [com.SpringBootRestAPI.SpringBootRestApiApplicationTests]: SpringBootRestApiApplicationTests does not declare any static, non-private, non-final, nested classes annotated with @Configuration.
16:11:26.456 [main] INFO org.springframework.boot.test.context.SpringBootTestContextBootstrapper -- Found @SpringBootConfiguration com.SpringBootRestAPI.SpringBootRestApiApplication for test class com.SpringBootRestAPI.SpringBootRestApiApplicationTests
16:11:26.907 [main] INFO org.springframework.boot.devtools.restart.RestartApplicationListener -- Restart disabled due to context in which it is running

  .   ____          _            __ _ _
 /\\ / ___'_ __ _ _(_)_ __  __ _ \ \ \ \
( ( )\___ | '_ | '_| | '_ \/ _` | \ \ \ \
 \\/  ___)| |_)| | | | | || (_| |  ) ) ) )
  '  |____| .__|_| |_|_| |_\__, | / / / /
 =========|_|==============|___/=/_/_/_/
 :: Spring Boot ::                (v3.2.0)

2023-11-30T16:11:27.573+05:30  INFO 9940 --- [           main] c.S.SpringBootRestApiApplicationTests    : Starting SpringBootRestApiApplicationTests using Java 17.0.8.1 with PID 9940 (started by Admin in C:\Users\Admin\Desktop\PP\SpringBootRestAPI)
2023-11-30T16:11:27.577+05:30  INFO 9940 --- [           main] c.S.SpringBootRestApiApplicationTests    : No active profile set, falling back to 1 default profile: "default"
2023-11-30T16:11:30.025+05:30  INFO 9940 --- [           main] c.S.SpringBootRestApiApplicationTests    : Started SpringBootRestApiApplicationTests in 3.163 seconds (process running for 5.682)
]]></system-out>
  </testcase>
</testsuite>